<?xml version="1.0" encoding="UTF-8"?>
<!-- Generated by org.testng.reporters.JUnitXMLReporter -->
<testsuite hostname="DESKTOP-0I2L5MP" name="Test1" tests="4" failures="3" timestamp="2 Nov 2020 09:43:53 GMT" time="65.574" errors="0">
  <testcase name="toRunTestParallel" time="10.204" classname="parallelExecution.ParallelDemo">
    <failure type="java.lang.AssertionError" message="expected [HP ALM] but found [Selenium]">
      <![CDATA[java.lang.AssertionError: expected [HP ALM] but found [Selenium]
	at parallelExecution.ParallelDemo.toRunTestParallel(ParallelDemo.java:68)
... Removed 33 stack frames]]>
    </failure>
  </testcase> <!-- toRunTestParallel -->
  <testcase name="toRunTestParallel" time="10.311" classname="parallelExecution.ParallelDemo">
    <failure type="java.lang.AssertionError" message="expected [HP ALM] but found [Selenium]">
      <![CDATA[java.lang.AssertionError: expected [HP ALM] but found [Selenium]
	at parallelExecution.ParallelDemo.toRunTestParallel(ParallelDemo.java:68)
... Removed 33 stack frames]]>
    </failure>
  </testcase> <!-- toRunTestParallel -->
  <testcase name="toRunTestParallel" time="9.579" classname="parallelExecution.ParallelDemo">
    <failure type="java.lang.AssertionError" message="expected [HP ALM] but found [Selenium]">
      <![CDATA[java.lang.AssertionError: expected [HP ALM] but found [Selenium]
	at parallelExecution.ParallelDemo.toRunTestParallel(ParallelDemo.java:68)
... Removed 33 stack frames]]>
    </failure>
  </testcase> <!-- toRunTestParallel -->
  <testcase name="toRunTestParallelTest" time="9.261" classname="parallelExecution.ParallelDemo"/>
</testsuite> <!-- Test1 -->
