<?xml version="1.0" encoding="UTF-8"?>
<testsuite xmlns:xsi="http://www.w3.org/2001/XMLSchema-instance" xsi:noNamespaceSchemaLocation="https://maven.apache.org/surefire/maven-surefire-plugin/xsd/surefire-test-report-3.0.xsd" version="3.0" name="TestSuite" time="66.665" tests="4" errors="0" skipped="0" failures="3">
  <properties>
[...]
</properties>
  <testcase name="toRunTestParallel" classname="parallelExecution.ParallelDemo" time="10.188">
    <failure message="expected [HP ALM] but found [Selenium]" type="java.lang.AssertionError"><![CDATA[java.lang.AssertionError: expected [HP ALM] but found [Selenium]
	at parallelExecution.ParallelDemo.toRunTestParallel(ParallelDemo.java:68)
]]></failure>
    <system-err><![CDATA[SLF4J: Failed to load class "org.slf4j.impl.StaticLoggerBinder".
SLF4J: Defaulting to no-operation (NOP) logger implementation
SLF4J: See http://www.slf4j.org/codes.html#StaticLoggerBinder for further details.
Starting ChromeDriver 86.0.4240.22 (398b0743353ff36fb1b82468f63a3a93b4e2e89e-refs/branch-heads/4240@{#378}) on port 14216
Only local connections are allowed.
Please see https://chromedriver.chromium.org/security-considerations for suggestions on keeping ChromeDriver safe.
ChromeDriver was started successfully.
Nov 02, 2020 3:12:53 PM org.openqa.selenium.remote.ProtocolHandshake createSession
INFO: Detected dialect: W3C
]]></system-err>
  </testcase>
  <testcase name="toRunTestParallel" classname="parallelExecution.ParallelDemo" time="10.279">
    <failure message="expected [HP ALM] but found [Selenium]" type="java.lang.AssertionError"><![CDATA[java.lang.AssertionError: expected [HP ALM] but found [Selenium]
	at parallelExecution.ParallelDemo.toRunTestParallel(ParallelDemo.java:68)
]]></failure>
    <system-out><![CDATA[***** Error toRunTestParallel test has failed *****
***Placed screen shot in F:\ProjectInfo\com.sampleProject.POC\Screenshots\ ***
Driver Quit Successfully
]]></system-out>
    <system-err><![CDATA[Starting ChromeDriver 86.0.4240.22 (398b0743353ff36fb1b82468f63a3a93b4e2e89e-refs/branch-heads/4240@{#378}) on port 33900
Only local connections are allowed.
Please see https://chromedriver.chromium.org/security-considerations for suggestions on keeping ChromeDriver safe.
ChromeDriver was started successfully.
Nov 02, 2020 3:13:08 PM org.openqa.selenium.remote.ProtocolHandshake createSession
INFO: Detected dialect: W3C
]]></system-err>
  </testcase>
  <testcase name="toRunTestParallel" classname="parallelExecution.ParallelDemo" time="9.563">
    <failure message="expected [HP ALM] but found [Selenium]" type="java.lang.AssertionError"><![CDATA[java.lang.AssertionError: expected [HP ALM] but found [Selenium]
	at parallelExecution.ParallelDemo.toRunTestParallel(ParallelDemo.java:68)
]]></failure>
    <system-out><![CDATA[***** Error toRunTestParallel test has failed *****
***Placed screen shot in F:\ProjectInfo\com.sampleProject.POC\Screenshots\ ***
Driver Quit Successfully
]]></system-out>
    <system-err><![CDATA[Starting ChromeDriver 86.0.4240.22 (398b0743353ff36fb1b82468f63a3a93b4e2e89e-refs/branch-heads/4240@{#378}) on port 31951
Only local connections are allowed.
Please see https://chromedriver.chromium.org/security-considerations for suggestions on keeping ChromeDriver safe.
ChromeDriver was started successfully.
Nov 02, 2020 3:13:24 PM org.openqa.selenium.remote.ProtocolHandshake createSession
INFO: Detected dialect: W3C
]]></system-err>
  </testcase>
  <testcase name="toRunTestParallelTest" classname="parallelExecution.ParallelDemo" time="9.237">
    <system-out><![CDATA[***** Error toRunTestParallel test has failed *****
***Placed screen shot in F:\ProjectInfo\com.sampleProject.POC\Screenshots\ ***
Driver Quit Successfully
Executed the failed TestCases
========https://testdemopro.atlassian.net/rest/api/3/issue/10039
Bug created successfully
]]></system-out>
    <system-err><![CDATA[Starting ChromeDriver 86.0.4240.22 (398b0743353ff36fb1b82468f63a3a93b4e2e89e-refs/branch-heads/4240@{#378}) on port 46641
Only local connections are allowed.
Please see https://chromedriver.chromium.org/security-considerations for suggestions on keeping ChromeDriver safe.
ChromeDriver was started successfully.
Nov 02, 2020 3:13:43 PM org.openqa.selenium.remote.ProtocolHandshake createSession
INFO: Detected dialect: W3C
]]></system-err>
  </testcase>
</testsuite>