<?xml version="1.0" encoding="UTF-8"?>
<!-- Generated by org.testng.reporters.JUnitXMLReporter -->
<testsuite hostname="LTILBOM20200195" name="Test" tests="1" failures="1" timestamp="7 Oct 2020 05:05:20 GMT" time="14.195" errors="0">
  <testcase name="toRunTestParallel" time="8.554" classname="parallelExecution.ParallelDemo">
    <failure type="java.lang.AssertionError" message="expected [HP ALM] but found [Selenium]">
      <![CDATA[java.lang.AssertionError: expected [HP ALM] but found [Selenium]
	at parallelExecution.ParallelDemo.toRunTestParallel(ParallelDemo.java:71)
... Removed 29 stack frames]]>
    </failure>
  </testcase> <!-- toRunTestParallel -->
</testsuite> <!-- Test -->
