<?xml version="1.0" encoding="UTF-8"?>
<!-- Generated by org.testng.reporters.JUnitXMLReporter -->
<testsuite hostname="DESKTOP-0I2L5MP" name="Test1" tests="4" failures="3" timestamp="4 Dec 2020 07:19:14 GMT" time="106.998" errors="0">
  <testcase name="testScriptLTIFailCase" time="16.615" classname="parallelExecution.ParallelDemo">
    <failure type="java.lang.AssertionError" message="expected [LTI] but found [LTI - Larsen &amp;amp; Toubro Infotech]">
      <![CDATA[java.lang.AssertionError: expected [LTI] but found [LTI - Larsen & Toubro Infotech]
	at parallelExecution.ParallelDemo.testScriptLTIFailCase(ParallelDemo.java:66)
	at java.util.concurrent.FutureTask.run(FutureTask.java:266)
	at java.util.concurrent.ThreadPoolExecutor.runWorker(ThreadPoolExecutor.java:1149)
	at java.util.concurrent.ThreadPoolExecutor$Worker.run(ThreadPoolExecutor.java:624)
	at java.lang.Thread.run(Thread.java:748)
... Removed 21 stack frames]]>
    </failure>
  </testcase> <!-- testScriptLTIFailCase -->
  <testcase name="testScriptLTIFailCase" time="9.492" classname="parallelExecution.ParallelDemo">
    <failure type="java.lang.AssertionError" message="expected [LTI] but found [LTI - Larsen &amp;amp; Toubro Infotech]">
      <![CDATA[java.lang.AssertionError: expected [LTI] but found [LTI - Larsen & Toubro Infotech]
	at parallelExecution.ParallelDemo.testScriptLTIFailCase(ParallelDemo.java:66)
	at java.util.concurrent.FutureTask.run(FutureTask.java:266)
	at java.util.concurrent.ThreadPoolExecutor.runWorker(ThreadPoolExecutor.java:1149)
	at java.util.concurrent.ThreadPoolExecutor$Worker.run(ThreadPoolExecutor.java:624)
	at java.lang.Thread.run(Thread.java:748)
... Removed 21 stack frames]]>
    </failure>
  </testcase> <!-- testScriptLTIFailCase -->
  <testcase name="testScriptLTIFailCase" time="11.137" classname="parallelExecution.ParallelDemo">
    <failure type="java.lang.AssertionError" message="expected [LTI] but found [LTI - Larsen &amp;amp; Toubro Infotech]">
      <![CDATA[java.lang.AssertionError: expected [LTI] but found [LTI - Larsen & Toubro Infotech]
	at parallelExecution.ParallelDemo.testScriptLTIFailCase(ParallelDemo.java:66)
	at java.util.concurrent.FutureTask.run(FutureTask.java:266)
	at java.util.concurrent.ThreadPoolExecutor.runWorker(ThreadPoolExecutor.java:1149)
	at java.util.concurrent.ThreadPoolExecutor$Worker.run(ThreadPoolExecutor.java:624)
	at java.lang.Thread.run(Thread.java:748)
... Removed 21 stack frames]]>
    </failure>
  </testcase> <!-- testScriptLTIFailCase -->
  <testcase name="testScriptLTIPassCase" time="9.879" classname="parallelExecution.ParallelDemo"/>
</testsuite> <!-- Test1 -->
