<?xml version="1.0" encoding="UTF-8"?>
<!-- Generated by org.testng.reporters.JUnitXMLReporter -->
<testsuite hostname="DESKTOP-0I2L5MP" name="Test2" tests="2" failures="1" timestamp="4 Dec 2020 07:19:22 GMT" time="114.973" errors="0">
  <testcase name="testScriptLTIFailCase" time="10.627" classname="parallelExecution.ParallelDemo">
    <failure type="java.lang.AssertionError" message="expected [LTI] but found [LTI - Larsen &amp;amp; Toubro Infotech]">
      <![CDATA[java.lang.AssertionError: expected [LTI] but found [LTI - Larsen & Toubro Infotech]
	at parallelExecution.ParallelDemo.testScriptLTIFailCase(ParallelDemo.java:66)
	at java.util.concurrent.FutureTask.run(FutureTask.java:266)
	at java.util.concurrent.ThreadPoolExecutor.runWorker(ThreadPoolExecutor.java:1149)
	at java.util.concurrent.ThreadPoolExecutor$Worker.run(ThreadPoolExecutor.java:624)
	at java.lang.Thread.run(Thread.java:748)
... Removed 21 stack frames]]>
    </failure>
  </testcase> <!-- testScriptLTIFailCase -->
  <testcase name="testScriptLTIPassCase" time="7.813" classname="parallelExecution.ParallelDemo"/>
</testsuite> <!-- Test2 -->
